{"C:\\Users\\sarah\\OneDrive\\Desktop\\bookstore\\config\\config.js": {"path":"C:\\Users\\sarah\\OneDrive\\Desktop\\bookstore\\config\\config.js","statementMap":{"0":{"start":{"line":1,"column":19},"end":{"line":32,"column":1}},"1":{"start":{"line":34,"column":0},"end":{"line":36,"column":1}}},"fnMap":{},"branchMap":{},"s":{"0":4,"1":4},"f":{},"b":{},"_coverageSchema":"1a1c01bbd47fc00a2c39e90264f33305004495a9","hash":"fff2fd4525f60380cac34265f028916ef030add6"}
,"C:\\Users\\sarah\\OneDrive\\Desktop\\bookstore\\enums\\BookCategory.js": {"path":"C:\\Users\\sarah\\OneDrive\\Desktop\\bookstore\\enums\\BookCategory.js","statementMap":{"0":{"start":{"line":1,"column":21},"end":{"line":7,"column":2}},"1":{"start":{"line":10,"column":0},"end":{"line":12,"column":1}}},"fnMap":{},"branchMap":{},"s":{"0":4,"1":4},"f":{},"b":{},"_coverageSchema":"1a1c01bbd47fc00a2c39e90264f33305004495a9","hash":"69a87b2de769e5f95c132d829d0cedfd8da88cec"}
,"C:\\Users\\sarah\\OneDrive\\Desktop\\bookstore\\models\\Book.js": {"path":"C:\\Users\\sarah\\OneDrive\\Desktop\\bookstore\\models\\Book.js","statementMap":{"0":{"start":{"line":1,"column":23},"end":{"line":1,"column":55}},"1":{"start":{"line":2,"column":0},"end":{"line":100,"column":1}},"2":{"start":{"line":4,"column":13},"end":{"line":72,"column":3}},"3":{"start":{"line":74,"column":2},"end":{"line":88,"column":3}},"4":{"start":{"line":75,"column":2},"end":{"line":87,"column":7}},"5":{"start":{"line":99,"column":2},"end":{"line":99,"column":13}}},"fnMap":{"0":{"name":"(anonymous_0)","decl":{"start":{"line":2,"column":17},"end":{"line":2,"column":18}},"loc":{"start":{"line":2,"column":48},"end":{"line":100,"column":1}},"line":2},"1":{"name":"(anonymous_1)","decl":{"start":{"line":74,"column":19},"end":{"line":74,"column":20}},"loc":{"start":{"line":74,"column":36},"end":{"line":88,"column":2}},"line":74}},"branchMap":{},"s":{"0":4,"1":4,"2":4,"3":4,"4":4,"5":4},"f":{"0":4,"1":4},"b":{},"_coverageSchema":"1a1c01bbd47fc00a2c39e90264f33305004495a9","hash":"f1768513598e63968ef32fc168974c9626c803fb"}
,"C:\\Users\\sarah\\OneDrive\\Desktop\\bookstore\\models\\Customer.js": {"path":"C:\\Users\\sarah\\OneDrive\\Desktop\\bookstore\\models\\Customer.js","statementMap":{"0":{"start":{"line":2,"column":0},"end":{"line":53,"column":1}},"1":{"start":{"line":4,"column":19},"end":{"line":35,"column":8}},"2":{"start":{"line":38,"column":6},"end":{"line":50,"column":8}},"3":{"start":{"line":39,"column":8},"end":{"line":44,"column":13}},"4":{"start":{"line":45,"column":8},"end":{"line":49,"column":14}},"5":{"start":{"line":52,"column":4},"end":{"line":52,"column":19}}},"fnMap":{"0":{"name":"(anonymous_0)","decl":{"start":{"line":2,"column":17},"end":{"line":2,"column":18}},"loc":{"start":{"line":2,"column":48},"end":{"line":53,"column":1}},"line":2},"1":{"name":"(anonymous_1)","decl":{"start":{"line":38,"column":27},"end":{"line":38,"column":28}},"loc":{"start":{"line":38,"column":44},"end":{"line":50,"column":7}},"line":38}},"branchMap":{},"s":{"0":4,"1":4,"2":4,"3":4,"4":4,"5":4},"f":{"0":4,"1":4},"b":{},"_coverageSchema":"1a1c01bbd47fc00a2c39e90264f33305004495a9","hash":"8ca4eb5b37d0a24a110160f8902f2fc768618d78"}
,"C:\\Users\\sarah\\OneDrive\\Desktop\\bookstore\\models\\Order.js": {"path":"C:\\Users\\sarah\\OneDrive\\Desktop\\bookstore\\models\\Order.js","statementMap":{"0":{"start":{"line":1,"column":18},"end":{"line":1,"column":38}},"1":{"start":{"line":2,"column":0},"end":{"line":63,"column":3}},"2":{"start":{"line":6,"column":16},"end":{"line":27,"column":8}},"3":{"start":{"line":29,"column":4},"end":{"line":45,"column":6}},"4":{"start":{"line":31,"column":8},"end":{"line":37,"column":10}},"5":{"start":{"line":38,"column":8},"end":{"line":44,"column":10}},"6":{"start":{"line":62,"column":4},"end":{"line":62,"column":16}}},"fnMap":{"0":{"name":"(anonymous_0)","decl":{"start":{"line":2,"column":17},"end":{"line":2,"column":18}},"loc":{"start":{"line":2,"column":48},"end":{"line":63,"column":3}},"line":2},"1":{"name":"(anonymous_1)","decl":{"start":{"line":29,"column":22},"end":{"line":29,"column":23}},"loc":{"start":{"line":29,"column":39},"end":{"line":45,"column":5}},"line":29}},"branchMap":{},"s":{"0":4,"1":4,"2":4,"3":4,"4":4,"5":4,"6":4},"f":{"0":4,"1":4},"b":{},"_coverageSchema":"1a1c01bbd47fc00a2c39e90264f33305004495a9","hash":"c9357f7bfa8cc929e1960c7828b13bb30ade4354"}
,"C:\\Users\\sarah\\OneDrive\\Desktop\\bookstore\\models\\UserLogin.js": {"path":"C:\\Users\\sarah\\OneDrive\\Desktop\\bookstore\\models\\UserLogin.js","statementMap":{"0":{"start":{"line":1,"column":0},"end":{"line":60,"column":3}},"1":{"start":{"line":4,"column":20},"end":{"line":37,"column":8}},"2":{"start":{"line":39,"column":6},"end":{"line":57,"column":8}},"3":{"start":{"line":40,"column":8},"end":{"line":44,"column":8}},"4":{"start":{"line":45,"column":8},"end":{"line":50,"column":13}},"5":{"start":{"line":51,"column":8},"end":{"line":56,"column":13}},"6":{"start":{"line":59,"column":4},"end":{"line":59,"column":20}}},"fnMap":{"0":{"name":"(anonymous_0)","decl":{"start":{"line":1,"column":17},"end":{"line":1,"column":18}},"loc":{"start":{"line":1,"column":48},"end":{"line":60,"column":3}},"line":1},"1":{"name":"(anonymous_1)","decl":{"start":{"line":39,"column":28},"end":{"line":39,"column":29}},"loc":{"start":{"line":39,"column":45},"end":{"line":57,"column":7}},"line":39}},"branchMap":{},"s":{"0":4,"1":4,"2":4,"3":4,"4":4,"5":4,"6":4},"f":{"0":4,"1":4},"b":{},"_coverageSchema":"1a1c01bbd47fc00a2c39e90264f33305004495a9","hash":"5cb8e1a6b6bc7e868f43c1f897bd775558dc7545"}
,"C:\\Users\\sarah\\OneDrive\\Desktop\\bookstore\\models\\UserSession.js": {"path":"C:\\Users\\sarah\\OneDrive\\Desktop\\bookstore\\models\\UserSession.js","statementMap":{"0":{"start":{"line":1,"column":0},"end":{"line":49,"column":3}},"1":{"start":{"line":3,"column":22},"end":{"line":36,"column":8}},"2":{"start":{"line":38,"column":4},"end":{"line":46,"column":6}},"3":{"start":{"line":39,"column":6},"end":{"line":45,"column":8}},"4":{"start":{"line":48,"column":4},"end":{"line":48,"column":23}}},"fnMap":{"0":{"name":"(anonymous_0)","decl":{"start":{"line":1,"column":17},"end":{"line":1,"column":18}},"loc":{"start":{"line":1,"column":48},"end":{"line":49,"column":3}},"line":1},"1":{"name":"(anonymous_1)","decl":{"start":{"line":38,"column":28},"end":{"line":38,"column":29}},"loc":{"start":{"line":38,"column":45},"end":{"line":46,"column":5}},"line":38}},"branchMap":{},"s":{"0":4,"1":4,"2":4,"3":4,"4":4},"f":{"0":4,"1":4},"b":{},"_coverageSchema":"1a1c01bbd47fc00a2c39e90264f33305004495a9","hash":"eb760bbd83b8930244ca417e8f5bc41d1ff1df3b"}
,"C:\\Users\\sarah\\OneDrive\\Desktop\\bookstore\\models\\Vendor.js": {"path":"C:\\Users\\sarah\\OneDrive\\Desktop\\bookstore\\models\\Vendor.js","statementMap":{"0":{"start":{"line":1,"column":0},"end":{"line":37,"column":3}},"1":{"start":{"line":3,"column":17},"end":{"line":18,"column":6}},"2":{"start":{"line":20,"column":4},"end":{"line":34,"column":6}},"3":{"start":{"line":21,"column":6},"end":{"line":26,"column":11}},"4":{"start":{"line":27,"column":6},"end":{"line":33,"column":7}},"5":{"start":{"line":36,"column":4},"end":{"line":36,"column":17}}},"fnMap":{"0":{"name":"(anonymous_0)","decl":{"start":{"line":1,"column":17},"end":{"line":1,"column":18}},"loc":{"start":{"line":1,"column":48},"end":{"line":37,"column":3}},"line":1},"1":{"name":"(anonymous_1)","decl":{"start":{"line":20,"column":23},"end":{"line":20,"column":24}},"loc":{"start":{"line":20,"column":40},"end":{"line":34,"column":5}},"line":20}},"branchMap":{},"s":{"0":4,"1":4,"2":4,"3":4,"4":4,"5":4},"f":{"0":4,"1":4},"b":{},"_coverageSchema":"1a1c01bbd47fc00a2c39e90264f33305004495a9","hash":"a8a3998c7358e4b13aa20eada96cbd9f243c1c61"}
,"C:\\Users\\sarah\\OneDrive\\Desktop\\bookstore\\models\\index.js": {"path":"C:\\Users\\sarah\\OneDrive\\Desktop\\bookstore\\models\\index.js","statementMap":{"0":{"start":{"line":2,"column":11},"end":{"line":2,"column":24}},"1":{"start":{"line":3,"column":13},"end":{"line":3,"column":28}},"2":{"start":{"line":4,"column":18},"end":{"line":4,"column":38}},"3":{"start":{"line":5,"column":17},"end":{"line":5,"column":42}},"4":{"start":{"line":6,"column":12},"end":{"line":6,"column":49}},"5":{"start":{"line":7,"column":21},"end":{"line":7,"column":48}},"6":{"start":{"line":8,"column":15},"end":{"line":8,"column":30}},"7":{"start":{"line":9,"column":11},"end":{"line":9,"column":13}},"8":{"start":{"line":26,"column":19},"end":{"line":31,"column":1}},"9":{"start":{"line":34,"column":14},"end":{"line":34,"column":16}},"10":{"start":{"line":35,"column":16},"end":{"line":56,"column":1}},"11":{"start":{"line":36,"column":18},"end":{"line":36,"column":20}},"12":{"start":{"line":37,"column":20},"end":{"line":37,"column":64}},"13":{"start":{"line":37,"column":34},"end":{"line":37,"column":64}},"14":{"start":{"line":38,"column":19},"end":{"line":49,"column":3}},"15":{"start":{"line":39,"column":4},"end":{"line":48,"column":8}},"16":{"start":{"line":40,"column":24},"end":{"line":40,"column":70}},"17":{"start":{"line":42,"column":25},"end":{"line":42,"column":44}},"18":{"start":{"line":43,"column":8},"end":{"line":47,"column":9}},"19":{"start":{"line":44,"column":10},"end":{"line":44,"column":30}},"20":{"start":{"line":46,"column":10},"end":{"line":46,"column":32}},"21":{"start":{"line":50,"column":2},"end":{"line":50,"column":23}},"22":{"start":{"line":51,"column":10},"end":{"line":51,"column":11}},"23":{"start":{"line":52,"column":2},"end":{"line":55,"column":30}},"24":{"start":{"line":53,"column":4},"end":{"line":53,"column":24}},"25":{"start":{"line":54,"column":4},"end":{"line":54,"column":10}},"26":{"start":{"line":57,"column":0},"end":{"line":57,"column":18}},"27":{"start":{"line":59,"column":0},"end":{"line":62,"column":2}},"28":{"start":{"line":60,"column":16},"end":{"line":60,"column":61}},"29":{"start":{"line":61,"column":2},"end":{"line":61,"column":24}},"30":{"start":{"line":64,"column":0},"end":{"line":68,"column":2}},"31":{"start":{"line":65,"column":2},"end":{"line":67,"column":3}},"32":{"start":{"line":66,"column":4},"end":{"line":66,"column":31}},"33":{"start":{"line":70,"column":0},"end":{"line":70,"column":24}},"34":{"start":{"line":71,"column":0},"end":{"line":71,"column":24}},"35":{"start":{"line":73,"column":0},"end":{"line":73,"column":19}}},"fnMap":{"0":{"name":"(anonymous_0)","decl":{"start":{"line":35,"column":16},"end":{"line":35,"column":17}},"loc":{"start":{"line":35,"column":29},"end":{"line":56,"column":1}},"line":35},"1":{"name":"(anonymous_1)","decl":{"start":{"line":37,"column":20},"end":{"line":37,"column":21}},"loc":{"start":{"line":37,"column":34},"end":{"line":37,"column":64}},"line":37},"2":{"name":"(anonymous_2)","decl":{"start":{"line":38,"column":19},"end":{"line":38,"column":20}},"loc":{"start":{"line":38,"column":28},"end":{"line":49,"column":3}},"line":38},"3":{"name":"(anonymous_3)","decl":{"start":{"line":40,"column":14},"end":{"line":40,"column":15}},"loc":{"start":{"line":40,"column":24},"end":{"line":40,"column":70}},"line":40},"4":{"name":"(anonymous_4)","decl":{"start":{"line":41,"column":15},"end":{"line":41,"column":16}},"loc":{"start":{"line":41,"column":24},"end":{"line":48,"column":7}},"line":41},"5":{"name":"(anonymous_5)","decl":{"start":{"line":59,"column":14},"end":{"line":59,"column":15}},"loc":{"start":{"line":59,"column":24},"end":{"line":62,"column":1}},"line":59},"6":{"name":"(anonymous_6)","decl":{"start":{"line":64,"column":24},"end":{"line":64,"column":25}},"loc":{"start":{"line":64,"column":39},"end":{"line":68,"column":1}},"line":64}},"branchMap":{"0":{"loc":{"start":{"line":6,"column":12},"end":{"line":6,"column":49}},"type":"binary-expr","locations":[{"start":{"line":6,"column":12},"end":{"line":6,"column":32}},{"start":{"line":6,"column":36},"end":{"line":6,"column":49}}],"line":6},"1":{"loc":{"start":{"line":40,"column":24},"end":{"line":40,"column":70}},"type":"binary-expr","locations":[{"start":{"line":40,"column":24},"end":{"line":40,"column":47}},{"start":{"line":40,"column":51},"end":{"line":40,"column":70}}],"line":40},"2":{"loc":{"start":{"line":43,"column":8},"end":{"line":47,"column":9}},"type":"if","locations":[{"start":{"line":43,"column":8},"end":{"line":47,"column":9}},{"start":{"line":45,"column":15},"end":{"line":47,"column":9}}],"line":43},"3":{"loc":{"start":{"line":65,"column":2},"end":{"line":67,"column":3}},"type":"if","locations":[{"start":{"line":65,"column":2},"end":{"line":67,"column":3}},{"start":{},"end":{}}],"line":65}},"s":{"0":4,"1":4,"2":4,"3":4,"4":4,"5":4,"6":4,"7":4,"8":4,"9":4,"10":4,"11":4,"12":4,"13":24,"14":4,"15":4,"16":28,"17":24,"18":24,"19":24,"20":0,"21":4,"22":4,"23":4,"24":4,"25":4,"26":4,"27":4,"28":24,"29":24,"30":4,"31":24,"32":24,"33":4,"34":4,"35":4},"f":{"0":4,"1":24,"2":4,"3":28,"4":24,"5":24,"6":24},"b":{"0":[4,0],"1":[28,28],"2":[24,0],"3":[24,0]},"_coverageSchema":"1a1c01bbd47fc00a2c39e90264f33305004495a9","hash":"a71388679b1de4a668139c9b3a81f6eee4feadb6"}
,"C:\\Users\\sarah\\OneDrive\\Desktop\\bookstore\\utils\\BookUtils.js": {"path":"C:\\Users\\sarah\\OneDrive\\Desktop\\bookstore\\utils\\BookUtils.js","statementMap":{"0":{"start":{"line":1,"column":15},"end":{"line":1,"column":35}},"1":{"start":{"line":2,"column":15},"end":{"line":2,"column":35}},"2":{"start":{"line":3,"column":13},"end":{"line":3,"column":38}},"3":{"start":{"line":6,"column":0},"end":{"line":16,"column":1}},"4":{"start":{"line":7,"column":4},"end":{"line":15,"column":5}},"5":{"start":{"line":26,"column":0},"end":{"line":38,"column":1}},"6":{"start":{"line":27,"column":4},"end":{"line":29,"column":5}},"7":{"start":{"line":28,"column":8},"end":{"line":28,"column":41}},"8":{"start":{"line":31,"column":4},"end":{"line":37,"column":5}},"9":{"start":{"line":41,"column":0},"end":{"line":81,"column":1}},"10":{"start":{"line":43,"column":4},"end":{"line":43,"column":15}},"11":{"start":{"line":45,"column":4},"end":{"line":47,"column":5}},"12":{"start":{"line":46,"column":8},"end":{"line":46,"column":47}},"13":{"start":{"line":49,"column":4},"end":{"line":51,"column":5}},"14":{"start":{"line":50,"column":8},"end":{"line":50,"column":43}},"15":{"start":{"line":53,"column":4},"end":{"line":55,"column":5}},"16":{"start":{"line":54,"column":8},"end":{"line":54,"column":41}},"17":{"start":{"line":57,"column":4},"end":{"line":59,"column":5}},"18":{"start":{"line":58,"column":8},"end":{"line":58,"column":39}},"19":{"start":{"line":61,"column":4},"end":{"line":63,"column":5}},"20":{"start":{"line":62,"column":8},"end":{"line":62,"column":65}},"21":{"start":{"line":75,"column":16},"end":{"line":79,"column":5}},"22":{"start":{"line":80,"column":4},"end":{"line":80,"column":17}},"23":{"start":{"line":141,"column":0},"end":{"line":162,"column":1}},"24":{"start":{"line":143,"column":24},"end":{"line":143,"column":55}},"25":{"start":{"line":146,"column":40},"end":{"line":160,"column":5}},"26":{"start":{"line":161,"column":4},"end":{"line":161,"column":41}},"27":{"start":{"line":166,"column":0},"end":{"line":183,"column":2}},"28":{"start":{"line":167,"column":26},"end":{"line":181,"column":5}},"29":{"start":{"line":182,"column":4},"end":{"line":182,"column":26}}},"fnMap":{"0":{"name":"(anonymous_0)","decl":{"start":{"line":6,"column":28},"end":{"line":6,"column":29}},"loc":{"start":{"line":6,"column":46},"end":{"line":16,"column":1}},"line":6},"1":{"name":"(anonymous_1)","decl":{"start":{"line":26,"column":28},"end":{"line":26,"column":29}},"loc":{"start":{"line":26,"column":42},"end":{"line":38,"column":1}},"line":26},"2":{"name":"(anonymous_2)","decl":{"start":{"line":41,"column":26},"end":{"line":41,"column":27}},"loc":{"start":{"line":41,"column":45},"end":{"line":81,"column":1}},"line":41},"3":{"name":"(anonymous_3)","decl":{"start":{"line":141,"column":47},"end":{"line":141,"column":48}},"loc":{"start":{"line":141,"column":67},"end":{"line":162,"column":1}},"line":141},"4":{"name":"(anonymous_4)","decl":{"start":{"line":166,"column":46},"end":{"line":166,"column":47}},"loc":{"start":{"line":166,"column":64},"end":{"line":183,"column":1}},"line":166}},"branchMap":{"0":{"loc":{"start":{"line":27,"column":4},"end":{"line":29,"column":5}},"type":"if","locations":[{"start":{"line":27,"column":4},"end":{"line":29,"column":5}},{"start":{},"end":{}}],"line":27},"1":{"loc":{"start":{"line":45,"column":4},"end":{"line":47,"column":5}},"type":"if","locations":[{"start":{"line":45,"column":4},"end":{"line":47,"column":5}},{"start":{},"end":{}}],"line":45},"2":{"loc":{"start":{"line":49,"column":4},"end":{"line":51,"column":5}},"type":"if","locations":[{"start":{"line":49,"column":4},"end":{"line":51,"column":5}},{"start":{},"end":{}}],"line":49},"3":{"loc":{"start":{"line":53,"column":4},"end":{"line":55,"column":5}},"type":"if","locations":[{"start":{"line":53,"column":4},"end":{"line":55,"column":5}},{"start":{},"end":{}}],"line":53},"4":{"loc":{"start":{"line":57,"column":4},"end":{"line":59,"column":5}},"type":"if","locations":[{"start":{"line":57,"column":4},"end":{"line":59,"column":5}},{"start":{},"end":{}}],"line":57},"5":{"loc":{"start":{"line":61,"column":4},"end":{"line":63,"column":5}},"type":"if","locations":[{"start":{"line":61,"column":4},"end":{"line":63,"column":5}},{"start":{},"end":{}}],"line":61}},"s":{"0":2,"1":2,"2":2,"3":2,"4":4,"5":2,"6":0,"7":0,"8":0,"9":2,"10":0,"11":0,"12":0,"13":0,"14":0,"15":0,"16":0,"17":0,"18":0,"19":0,"20":0,"21":0,"22":0,"23":2,"24":0,"25":0,"26":0,"27":2,"28":0,"29":0},"f":{"0":4,"1":0,"2":0,"3":0,"4":0},"b":{"0":[0,0],"1":[0,0],"2":[0,0],"3":[0,0],"4":[0,0],"5":[0,0]},"_coverageSchema":"1a1c01bbd47fc00a2c39e90264f33305004495a9","hash":"f2b96db85b67719a1664dc03e1c1753d75dd0ab7"}
,"C:\\Users\\sarah\\OneDrive\\Desktop\\bookstore\\utils\\CustomerUtils.js": {"path":"C:\\Users\\sarah\\OneDrive\\Desktop\\bookstore\\utils\\CustomerUtils.js","statementMap":{"0":{"start":{"line":1,"column":15},"end":{"line":1,"column":35}},"1":{"start":{"line":12,"column":0},"end":{"line":19,"column":1}},"2":{"start":{"line":13,"column":19},"end":{"line":13,"column":86}},"3":{"start":{"line":14,"column":4},"end":{"line":14,"column":25}},"4":{"start":{"line":16,"column":4},"end":{"line":16,"column":108}},"5":{"start":{"line":18,"column":4},"end":{"line":18,"column":19}}},"fnMap":{"0":{"name":"(anonymous_0)","decl":{"start":{"line":12,"column":32},"end":{"line":12,"column":33}},"loc":{"start":{"line":12,"column":50},"end":{"line":19,"column":1}},"line":12}},"branchMap":{},"s":{"0":2,"1":2,"2":2,"3":2,"4":2,"5":2},"f":{"0":2},"b":{},"_coverageSchema":"1a1c01bbd47fc00a2c39e90264f33305004495a9","hash":"0185fd663c0110799d8d20cf45ec81ddd5de2aad"}
,"C:\\Users\\sarah\\OneDrive\\Desktop\\bookstore\\utils\\OrderUtils.js": {"path":"C:\\Users\\sarah\\OneDrive\\Desktop\\bookstore\\utils\\OrderUtils.js","statementMap":{"0":{"start":{"line":1,"column":15},"end":{"line":1,"column":35}},"1":{"start":{"line":2,"column":13},"end":{"line":2,"column":38}},"2":{"start":{"line":11,"column":0},"end":{"line":30,"column":1}},"3":{"start":{"line":12,"column":16},"end":{"line":16,"column":5}},"4":{"start":{"line":17,"column":4},"end":{"line":28,"column":6}},"5":{"start":{"line":29,"column":4},"end":{"line":29,"column":17}},"6":{"start":{"line":39,"column":0},"end":{"line":56,"column":1}},"7":{"start":{"line":40,"column":16},"end":{"line":40,"column":52}},"8":{"start":{"line":41,"column":4},"end":{"line":41,"column":30}},"9":{"start":{"line":42,"column":4},"end":{"line":42,"column":22}},"10":{"start":{"line":44,"column":21},"end":{"line":44,"column":43}},"11":{"start":{"line":45,"column":4},"end":{"line":54,"column":5}},"12":{"start":{"line":51,"column":39},"end":{"line":51,"column":43}},"13":{"start":{"line":55,"column":4},"end":{"line":55,"column":17}},"14":{"start":{"line":67,"column":0},"end":{"line":93,"column":1}},"15":{"start":{"line":69,"column":4},"end":{"line":78,"column":6}},"16":{"start":{"line":81,"column":4},"end":{"line":92,"column":5}},"17":{"start":{"line":103,"column":0},"end":{"line":113,"column":1}},"18":{"start":{"line":104,"column":26},"end":{"line":111,"column":5}},"19":{"start":{"line":112,"column":4},"end":{"line":112,"column":27}},"20":{"start":{"line":123,"column":0},"end":{"line":138,"column":1}},"21":{"start":{"line":124,"column":23},"end":{"line":136,"column":5}},"22":{"start":{"line":137,"column":4},"end":{"line":137,"column":24}},"23":{"start":{"line":148,"column":0},"end":{"line":157,"column":1}},"24":{"start":{"line":149,"column":4},"end":{"line":156,"column":5}}},"fnMap":{"0":{"name":"(anonymous_0)","decl":{"start":{"line":11,"column":29},"end":{"line":11,"column":30}},"loc":{"start":{"line":11,"column":47},"end":{"line":30,"column":1}},"line":11},"1":{"name":"(anonymous_1)","decl":{"start":{"line":39,"column":31},"end":{"line":39,"column":32}},"loc":{"start":{"line":39,"column":49},"end":{"line":56,"column":1}},"line":39},"2":{"name":"(anonymous_2)","decl":{"start":{"line":51,"column":35},"end":{"line":51,"column":36}},"loc":{"start":{"line":51,"column":39},"end":{"line":51,"column":43}},"line":51},"3":{"name":"(anonymous_3)","decl":{"start":{"line":67,"column":29},"end":{"line":67,"column":30}},"loc":{"start":{"line":67,"column":57},"end":{"line":93,"column":1}},"line":67},"4":{"name":"(anonymous_4)","decl":{"start":{"line":103,"column":39},"end":{"line":103,"column":40}},"loc":{"start":{"line":103,"column":60},"end":{"line":113,"column":1}},"line":103},"5":{"name":"(anonymous_5)","decl":{"start":{"line":123,"column":33},"end":{"line":123,"column":34}},"loc":{"start":{"line":123,"column":51},"end":{"line":138,"column":1}},"line":123},"6":{"name":"(anonymous_6)","decl":{"start":{"line":148,"column":55},"end":{"line":148,"column":56}},"loc":{"start":{"line":148,"column":73},"end":{"line":157,"column":1}},"line":148}},"branchMap":{},"s":{"0":1,"1":1,"2":1,"3":1,"4":1,"5":1,"6":1,"7":0,"8":0,"9":0,"10":0,"11":0,"12":0,"13":0,"14":1,"15":0,"16":0,"17":1,"18":0,"19":0,"20":1,"21":0,"22":0,"23":1,"24":0},"f":{"0":1,"1":0,"2":0,"3":0,"4":0,"5":0,"6":0},"b":{},"_coverageSchema":"1a1c01bbd47fc00a2c39e90264f33305004495a9","hash":"7677f9e9cb845b12a8766e4b71cf9902966a4737"}
,"C:\\Users\\sarah\\OneDrive\\Desktop\\bookstore\\utils\\VendorUtils.js": {"path":"C:\\Users\\sarah\\OneDrive\\Desktop\\bookstore\\utils\\VendorUtils.js","statementMap":{"0":{"start":{"line":1,"column":15},"end":{"line":1,"column":35}},"1":{"start":{"line":10,"column":0},"end":{"line":17,"column":1}},"2":{"start":{"line":11,"column":17},"end":{"line":11,"column":57}},"3":{"start":{"line":12,"column":4},"end":{"line":12,"column":23}},"4":{"start":{"line":14,"column":4},"end":{"line":14,"column":104}},"5":{"start":{"line":16,"column":4},"end":{"line":16,"column":17}}},"fnMap":{"0":{"name":"(anonymous_0)","decl":{"start":{"line":10,"column":30},"end":{"line":10,"column":31}},"loc":{"start":{"line":10,"column":48},"end":{"line":17,"column":1}},"line":10}},"branchMap":{},"s":{"0":3,"1":3,"2":4,"3":4,"4":4,"5":4},"f":{"0":4},"b":{},"_coverageSchema":"1a1c01bbd47fc00a2c39e90264f33305004495a9","hash":"381c02ce6d84dd5070d35a04899e01c62c0d6818"}
}
