TN:
SF:config\config.js
FNF:0
FNH:0
DA:1,4
DA:34,4
LF:2
LH:2
BRF:0
BRH:0
end_of_record
TN:
SF:enums\BookCategory.js
FNF:0
FNH:0
DA:1,4
DA:10,4
LF:2
LH:2
BRF:0
BRH:0
end_of_record
TN:
SF:models\Book.js
FN:2,(anonymous_0)
FN:74,(anonymous_1)
FNF:2
FNH:2
FNDA:4,(anonymous_0)
FNDA:4,(anonymous_1)
DA:1,4
DA:2,4
DA:4,4
DA:74,4
DA:75,4
DA:99,4
LF:6
LH:6
BRF:0
BRH:0
end_of_record
TN:
SF:models\Customer.js
FN:2,(anonymous_0)
FN:38,(anonymous_1)
FNF:2
FNH:2
FNDA:4,(anonymous_0)
FNDA:4,(anonymous_1)
DA:2,4
DA:4,4
DA:38,4
DA:39,4
DA:45,4
DA:52,4
LF:6
LH:6
BRF:0
BRH:0
end_of_record
TN:
SF:models\Order.js
FN:2,(anonymous_0)
FN:29,(anonymous_1)
FNF:2
FNH:2
FNDA:4,(anonymous_0)
FNDA:4,(anonymous_1)
DA:1,4
DA:2,4
DA:6,4
DA:29,4
DA:31,4
DA:38,4
DA:62,4
LF:7
LH:7
BRF:0
BRH:0
end_of_record
TN:
SF:models\UserLogin.js
FN:1,(anonymous_0)
FN:39,(anonymous_1)
FNF:2
FNH:2
FNDA:4,(anonymous_0)
FNDA:4,(anonymous_1)
DA:1,4
DA:4,4
DA:39,4
DA:40,4
DA:45,4
DA:51,4
DA:59,4
LF:7
LH:7
BRF:0
BRH:0
end_of_record
TN:
SF:models\UserSession.js
FN:1,(anonymous_0)
FN:38,(anonymous_1)
FNF:2
FNH:2
FNDA:4,(anonymous_0)
FNDA:4,(anonymous_1)
DA:1,4
DA:3,4
DA:38,4
DA:39,4
DA:48,4
LF:5
LH:5
BRF:0
BRH:0
end_of_record
TN:
SF:models\Vendor.js
FN:1,(anonymous_0)
FN:20,(anonymous_1)
FNF:2
FNH:2
FNDA:4,(anonymous_0)
FNDA:4,(anonymous_1)
DA:1,4
DA:3,4
DA:20,4
DA:21,4
DA:27,4
DA:36,4
LF:6
LH:6
BRF:0
BRH:0
end_of_record
TN:
SF:models\index.js
FN:35,(anonymous_0)
FN:37,(anonymous_1)
FN:38,(anonymous_2)
FN:40,(anonymous_3)
FN:41,(anonymous_4)
FN:59,(anonymous_5)
FN:64,(anonymous_6)
FNF:7
FNH:7
FNDA:4,(anonymous_0)
FNDA:24,(anonymous_1)
FNDA:4,(anonymous_2)
FNDA:28,(anonymous_3)
FNDA:24,(anonymous_4)
FNDA:24,(anonymous_5)
FNDA:24,(anonymous_6)
DA:2,4
DA:3,4
DA:4,4
DA:5,4
DA:6,4
DA:7,4
DA:8,4
DA:9,4
DA:26,4
DA:34,4
DA:35,4
DA:36,4
DA:37,24
DA:38,4
DA:39,4
DA:40,28
DA:42,24
DA:43,24
DA:44,24
DA:46,0
DA:50,4
DA:51,4
DA:52,4
DA:53,4
DA:54,4
DA:57,4
DA:59,4
DA:60,24
DA:61,24
DA:64,4
DA:65,24
DA:66,24
DA:70,4
DA:71,4
DA:73,4
LF:35
LH:34
BRDA:6,0,0,4
BRDA:6,0,1,0
BRDA:40,1,0,28
BRDA:40,1,1,28
BRDA:43,2,0,24
BRDA:43,2,1,0
BRDA:65,3,0,24
BRDA:65,3,1,0
BRF:8
BRH:5
end_of_record
TN:
SF:utils\BookUtils.js
FN:6,(anonymous_0)
FN:26,(anonymous_1)
FN:41,(anonymous_2)
FN:141,(anonymous_3)
FN:166,(anonymous_4)
FNF:5
FNH:1
FNDA:4,(anonymous_0)
FNDA:0,(anonymous_1)
FNDA:0,(anonymous_2)
FNDA:0,(anonymous_3)
FNDA:0,(anonymous_4)
DA:1,2
DA:2,2
DA:3,2
DA:6,2
DA:7,4
DA:26,2
DA:27,0
DA:28,0
DA:31,0
DA:41,2
DA:43,0
DA:45,0
DA:46,0
DA:49,0
DA:50,0
DA:53,0
DA:54,0
DA:57,0
DA:58,0
DA:61,0
DA:62,0
DA:75,0
DA:80,0
DA:141,2
DA:143,0
DA:146,0
DA:161,0
DA:166,2
DA:167,0
DA:182,0
LF:30
LH:9
BRDA:27,0,0,0
BRDA:27,0,1,0
BRDA:45,1,0,0
BRDA:45,1,1,0
BRDA:49,2,0,0
BRDA:49,2,1,0
BRDA:53,3,0,0
BRDA:53,3,1,0
BRDA:57,4,0,0
BRDA:57,4,1,0
BRDA:61,5,0,0
BRDA:61,5,1,0
BRF:12
BRH:0
end_of_record
TN:
SF:utils\CustomerUtils.js
FN:12,(anonymous_0)
FNF:1
FNH:1
FNDA:2,(anonymous_0)
DA:1,2
DA:12,2
DA:13,2
DA:14,2
DA:16,2
DA:18,2
LF:6
LH:6
BRF:0
BRH:0
end_of_record
TN:
SF:utils\OrderUtils.js
FN:11,(anonymous_0)
FN:39,(anonymous_1)
FN:51,(anonymous_2)
FN:67,(anonymous_3)
FN:103,(anonymous_4)
FN:123,(anonymous_5)
FN:148,(anonymous_6)
FNF:7
FNH:1
FNDA:1,(anonymous_0)
FNDA:0,(anonymous_1)
FNDA:0,(anonymous_2)
FNDA:0,(anonymous_3)
FNDA:0,(anonymous_4)
FNDA:0,(anonymous_5)
FNDA:0,(anonymous_6)
DA:1,1
DA:2,1
DA:11,1
DA:12,1
DA:17,1
DA:29,1
DA:39,1
DA:40,0
DA:41,0
DA:42,0
DA:44,0
DA:45,0
DA:51,0
DA:55,0
DA:67,1
DA:69,0
DA:81,0
DA:103,1
DA:104,0
DA:112,0
DA:123,1
DA:124,0
DA:137,0
DA:148,1
DA:149,0
LF:25
LH:11
BRF:0
BRH:0
end_of_record
TN:
SF:utils\VendorUtils.js
FN:10,(anonymous_0)
FNF:1
FNH:1
FNDA:4,(anonymous_0)
DA:1,3
DA:10,3
DA:11,4
DA:12,4
DA:14,4
DA:16,4
LF:6
LH:6
BRF:0
BRH:0
end_of_record
